Using pre-set license
Built from '6000.0/staging' branch; Version is '6000.0.24f1 (11fa355cd605) revision 1178165'; Using compiler version '193933523'; Build Type 'Release'
OS: 'Windows 11  (10.0.22631) 64bit Professional' Language: 'en' Physical Memory: 8043 MB
BatchMode: 1, IsHumanControllingUs: 0, StartBugReporterOnCrash: 0, Is64bit: 1, IsPro: 1

COMMAND LINE ARGUMENTS:
E:\Program Files\Unity 6000.0.24f1\Editor\Unity.exe
-adb2
-batchMode
-noUpm
-name
AssetImportWorker1
-projectPath
D:/Bahareh/Semester 9/Files/Game/GameTheory-Projects/HW3/Police_Car_2
-logFile
Logs/AssetImportWorker1.log
-srvPort
50937
-job-worker-count
3
-background-job-worker-count
8
-asset-garbage-collectors
1
Successfully changed project path to: D:/Bahareh/Semester 9/Files/Game/GameTheory-Projects/HW3/Police_Car_2
D:/Bahareh/Semester 9/Files/Game/GameTheory-Projects/HW3/Police_Car_2
[UnityMemory] Configuration Parameters - Can be set up in boot.config
    "memorysetup-bucket-allocator-granularity=16"
    "memorysetup-bucket-allocator-bucket-count=8"
    "memorysetup-bucket-allocator-block-size=33554432"
    "memorysetup-bucket-allocator-block-count=8"
    "memorysetup-main-allocator-block-size=16777216"
    "memorysetup-thread-allocator-block-size=16777216"
    "memorysetup-gfx-main-allocator-block-size=16777216"
    "memorysetup-gfx-thread-allocator-block-size=16777216"
    "memorysetup-cache-allocator-block-size=4194304"
    "memorysetup-typetree-allocator-block-size=2097152"
    "memorysetup-profiler-bucket-allocator-granularity=16"
    "memorysetup-profiler-bucket-allocator-bucket-count=8"
    "memorysetup-profiler-bucket-allocator-block-size=33554432"
    "memorysetup-profiler-bucket-allocator-block-count=8"
    "memorysetup-profiler-allocator-block-size=16777216"
    "memorysetup-profiler-editor-allocator-block-size=1048576"
    "memorysetup-temp-allocator-size-main=16777216"
    "memorysetup-job-temp-allocator-block-size=2097152"
    "memorysetup-job-temp-allocator-block-size-background=1048576"
    "memorysetup-job-temp-allocator-reduction-small-platforms=262144"
    "memorysetup-allocator-temp-initial-block-size-main=262144"
    "memorysetup-allocator-temp-initial-block-size-worker=262144"
    "memorysetup-temp-allocator-size-background-worker=32768"
    "memorysetup-temp-allocator-size-job-worker=262144"
    "memorysetup-temp-allocator-size-preload-manager=33554432"
    "memorysetup-temp-allocator-size-nav-mesh-worker=65536"
    "memorysetup-temp-allocator-size-audio-worker=65536"
    "memorysetup-temp-allocator-size-cloud-worker=32768"
    "memorysetup-temp-allocator-size-gi-baking-worker=262144"
    "memorysetup-temp-allocator-size-gi-baking-worker=262144"
    "memorysetup-temp-allocator-size-gi-baking-worker=262144"
    "memorysetup-temp-allocator-size-gi-baking-worker=262144"
    "memorysetup-temp-allocator-size-gi-baking-worker=262144"
    "memorysetup-temp-allocator-size-gfx=262144"
Player connection [17624]  Target information:

Player connection [17624]  * "[IP] 192.168.56.1 [Port] 0 [Flags] 2 [Guid] 1919190992 [EditorId] 1919190992 [Version] 1048832 [Id] WindowsEditor(7,Kavousi) [Debug] 1 [PackageName] WindowsEditor [ProjectName] Editor" 

Player connection [17624]  * "[IP] 192.168.0.158 [Port] 0 [Flags] 2 [Guid] 1919190992 [EditorId] 1919190992 [Version] 1048832 [Id] WindowsEditor(7,Kavousi) [Debug] 1 [PackageName] WindowsEditor [ProjectName] Editor" 

Player connection [17624] Host joined multi-casting on [225.0.0.222:54997]...
Player connection [17624] Host joined alternative multi-casting on [225.0.0.222:34997]...
JobSystem: Creating JobQueue using job-worker-count value 3
[Physics::Module] Initialized fallback backend.
[Physics::Module] Id: 0xdecafbad
Library Redirect Path: Library/
[Physics::Module] Selected backend.
[Physics::Module] Name: PhysX
[Physics::Module] Id: 0xf2b8ea05
[Physics::Module] SDK Version: 4.1.2
[Physics::Module] Integration Version: 1.0.0
[Physics::Module] Threading Mode: Multi-Threaded
Refreshing native plugins compatible for Editor in 4.14 ms, found 3 plugins.
Preloading 0 native plugins for Editor in 0.00 ms.
Initialize engine version: 6000.0.24f1 (11fa355cd605)
[Subsystems] Discovering subsystems at path E:/Program Files/Unity 6000.0.24f1/Editor/Data/Resources/UnitySubsystems
[Subsystems] Discovering subsystems at path D:/Bahareh/Semester 9/Files/Game/GameTheory-Projects/HW3/Police_Car_2/Assets
GfxDevice: creating device client; kGfxThreadingModeNonThreaded
Direct3D:
    Version:  Direct3D 11.0 [level 11.1]
    Renderer: NVIDIA GeForce MX230 (ID=0x1d11)
    Vendor:   NVIDIA
    VRAM:     1984 MB
    Driver:   30.0.15.1169
Initialize mono
Mono path[0] = 'E:/Program Files/Unity 6000.0.24f1/Editor/Data/Managed'
Mono path[1] = 'E:/Program Files/Unity 6000.0.24f1/Editor/Data/MonoBleedingEdge/lib/mono/unityjit-win32'
Mono config path = 'E:/Program Files/Unity 6000.0.24f1/Editor/Data/MonoBleedingEdge/etc'
Using monoOptions --debugger-agent=transport=dt_socket,embedding=1,server=y,suspend=n,address=127.0.0.1:56224
Begin MonoManager ReloadAssembly
Registering precompiled unity dll's ...
Register platform support module: E:/Program Files/Unity 6000.0.24f1/Editor/Data/PlaybackEngines/WindowsStandaloneSupport/UnityEditor.WindowsStandalone.Extensions.dll
Registered in 0.008532 seconds.
- Loaded All Assemblies, in  1.537 seconds
Native extension for WindowsStandalone target not found
Mono: successfully reloaded assembly
- Finished resetting the current domain, in  1.516 seconds
Domain Reload Profiling: 3053ms
	BeginReloadAssembly (586ms)
		ExecutionOrderSort (0ms)
		DisableScriptedObjects (0ms)
		BackupInstance (0ms)
		ReleaseScriptingObjects (0ms)
		CreateAndSetChildDomain (2ms)
	RebuildCommonClasses (155ms)
	RebuildNativeTypeToScriptingClass (38ms)
	initialDomainReloadingComplete (123ms)
	LoadAllAssembliesAndSetupDomain (634ms)
		LoadAssemblies (584ms)
		RebuildTransferFunctionScriptingTraits (0ms)
		AnalyzeDomain (627ms)
			TypeCache.Refresh (624ms)
				TypeCache.ScanAssembly (583ms)
			BuildScriptInfoCaches (0ms)
			ResolveRequiredComponents (1ms)
	FinalizeReload (1517ms)
		ReleaseScriptCaches (0ms)
		RebuildScriptCaches (0ms)
		SetupLoadedEditorAssemblies (1383ms)
			LogAssemblyErrors (0ms)
			InitializePlatformSupportModulesInManaged (68ms)
			SetLoadedEditorAssemblies (14ms)
			BeforeProcessingInitializeOnLoad (14ms)
			ProcessInitializeOnLoadAttributes (1077ms)
			ProcessInitializeOnLoadMethodAttributes (200ms)
			AfterProcessingInitializeOnLoad (10ms)
			EditorAssembliesLoaded (1ms)
		ExecutionOrderSort2 (0ms)
		AwakeInstancesAfterBackupRestoration (0ms)
Assembly reference Packages/com.unity.cinemachine/Editor/Samples/ExposeHDRPInternals/HDRP-Editor-ref.asmref has no target assembly definition
========================================================================
Worker process is ready to serve import requests
Import Worker Mode flag is 0x00
Assembly reference Packages/com.unity.cinemachine/Editor/Samples/ExposeHDRPInternals/HDRP-Editor-ref.asmref has no target assembly definition
Assembly reference Packages/com.unity.cinemachine/Editor/Samples/ExposeHDRPInternals/HDRP-Editor-ref.asmref has no target assembly definition
Begin MonoManager ReloadAssembly
- Loaded All Assemblies, in  4.250 seconds
Assembly reference Packages/com.unity.cinemachine/Editor/Samples/ExposeHDRPInternals/HDRP-Editor-ref.asmref has no target assembly definition
'Packages/com.unity.cinemachine/Editor/Obsolete/CinemachineVirtualCameraBaseEditor.cs' contains partial class of Unity.Object, exactly 1 of the partial classes needs to be in a file with the same filename. This is to know the one that can be referenced from ie. GameObjects
'Packages/com.unity.cinemachine/Editor/Editors/CinemachineVirtualCameraBaseEditor.cs' contains partial class of Unity.Object, exactly 1 of the partial classes needs to be in a file with the same filename. This is to know the one that can be referenced from ie. GameObjects
Refreshing native plugins compatible for Editor in 2.58 ms, found 3 plugins.
Native extension for WindowsStandalone target not found
Assembly reference Packages/com.unity.cinemachine/Editor/Samples/ExposeHDRPInternals/HDRP-Editor-ref.asmref has no target assembly definition
Package Manager log level set to [2]
[Package Manager] Failed to launch server process. Reason: Unity was launched with the -noUpm command-line argument
[Package Manager] Unable to send message (not connected to server process).
[Package Manager] Cannot connect to Unity Package Manager local server
Mono: successfully reloaded assembly
- Finished resetting the current domain, in  2.818 seconds
Domain Reload Profiling: 7066ms
	BeginReloadAssembly (1983ms)
		ExecutionOrderSort (0ms)
		DisableScriptedObjects (14ms)
		BackupInstance (0ms)
		ReleaseScriptingObjects (0ms)
		CreateAndSetChildDomain (73ms)
	RebuildCommonClasses (94ms)
	RebuildNativeTypeToScriptingClass (32ms)
	initialDomainReloadingComplete (85ms)
	LoadAllAssembliesAndSetupDomain (2053ms)
		LoadAssemblies (1366ms)
		RebuildTransferFunctionScriptingTraits (0ms)
		AnalyzeDomain (1098ms)
			TypeCache.Refresh (715ms)
				TypeCache.ScanAssembly (663ms)
			BuildScriptInfoCaches (341ms)
			ResolveRequiredComponents (33ms)
	FinalizeReload (2819ms)
		ReleaseScriptCaches (0ms)
		RebuildScriptCaches (0ms)
		SetupLoadedEditorAssemblies (2091ms)
			LogAssemblyErrors (0ms)
			InitializePlatformSupportModulesInManaged (5ms)
			SetLoadedEditorAssemblies (10ms)
			BeforeProcessingInitializeOnLoad (197ms)
			ProcessInitializeOnLoadAttributes (1660ms)
			ProcessInitializeOnLoadMethodAttributes (208ms)
			AfterProcessingInitializeOnLoad (9ms)
			EditorAssembliesLoaded (0ms)
		ExecutionOrderSort2 (0ms)
		AwakeInstancesAfterBackupRestoration (19ms)
Launched and connected shader compiler UnityShaderCompiler.exe after 0.02 seconds
Refreshing native plugins compatible for Editor in 7.22 ms, found 3 plugins.
Preloading 0 native plugins for Editor in 0.00 ms.
Unloading 200 Unused Serialized files (Serialized files now loaded: 0)
Unloading 5980 unused Assets / (3.5 MB). Loaded Objects now: 6751.
Memory consumption went from 179.8 MB to 176.3 MB.
Total: 23.412300 ms (FindLiveObjects: 1.025300 ms CreateObjectMapping: 1.415600 ms MarkObjects: 15.575800 ms  DeleteObjects: 5.393500 ms)

========================================================================
Received Import Request.
  Time since last request: 2402.701794 seconds.
  path: Assets/Retro Cartoon Car Cicada/Textures/CICADA_3072.psd
  artifactKey: Guid(4b360b5483273634ebdc5b33786ad3a9) Importer(815301076,1909f56bfc062723c751e8b465ee728b)
Start importing Assets/Retro Cartoon Car Cicada/Textures/CICADA_3072.psd using Guid(4b360b5483273634ebdc5b33786ad3a9) Importer(815301076,1909f56bfc062723c751e8b465ee728b) (PreviewImporter) -> (artifact id: '72e62dbf19d90ec4abeba8edac123992') in 0.5853436 seconds
Number of updated asset objects reloaded before import = 0Number of asset objects unloaded after import = 2

========================================================================
Received Import Request.
  Time since last request: 36.596293 seconds.
  path: Assets/Retro Cartoon Car Cicada/Scenes/demo/ReflectionProbe-0.exr
  artifactKey: Guid(5b6109f6febdd5c4384780768caa3ed2) Importer(815301076,1909f56bfc062723c751e8b465ee728b)
Start importing Assets/Retro Cartoon Car Cicada/Scenes/demo/ReflectionProbe-0.exr using Guid(5b6109f6febdd5c4384780768caa3ed2) Importer(815301076,1909f56bfc062723c751e8b465ee728b) (PreviewImporter) -> (artifact id: '0b9ff7cf8ee07ff44b2989fd1aad3d88') in 1.1588012 seconds
Number of updated asset objects reloaded before import = 0Number of asset objects unloaded after import = 1

========================================================================
Received Import Request.
  Time since last request: 0.070235 seconds.
  path: Assets/Retro Cartoon Car Cicada/Materials/CICADA_3072.mat
  artifactKey: Guid(39de286ffb88f824db0fb41479b40e88) Importer(815301076,1909f56bfc062723c751e8b465ee728b)
Start importing Assets/Retro Cartoon Car Cicada/Materials/CICADA_3072.mat using Guid(39de286ffb88f824db0fb41479b40e88) Importer(815301076,1909f56bfc062723c751e8b465ee728b) (PreviewImporter) -> (artifact id: '660964ffe3aacfb6dcd11e901f4e8274') in 0.3470856 seconds
Number of updated asset objects reloaded before import = 0Number of asset objects unloaded after import = 2

========================================================================
Received Import Request.
  Time since last request: 2.778867 seconds.
  path: Assets/Retro Cartoon Car Cicada/Meshes/CICADA_HI.FBX
  artifactKey: Guid(65a090704015245488740a1e2357c69c) Importer(815301076,1909f56bfc062723c751e8b465ee728b)
Start importing Assets/Retro Cartoon Car Cicada/Meshes/CICADA_HI.FBX using Guid(65a090704015245488740a1e2357c69c) Importer(815301076,1909f56bfc062723c751e8b465ee728b) (PreviewImporter) -> (artifact id: 'cdc32002b17c2853731e4c581ece84ba') in 0.2519308 seconds
Number of updated asset objects reloaded before import = 0Number of asset objects unloaded after import = 105

========================================================================
Received Import Request.
  Time since last request: 0.000038 seconds.
  path: Assets/Retro Cartoon Car Cicada/Meshes/cicada_shadow.FBX
  artifactKey: Guid(32e3dce162fd06e45b9b3ca284e71bb1) Importer(815301076,1909f56bfc062723c751e8b465ee728b)
Start importing Assets/Retro Cartoon Car Cicada/Meshes/cicada_shadow.FBX using Guid(32e3dce162fd06e45b9b3ca284e71bb1) Importer(815301076,1909f56bfc062723c751e8b465ee728b) (PreviewImporter) -> (artifact id: '8eb72356bf5ba7f717ced858650898d1') in 0.2687865 seconds
Number of updated asset objects reloaded before import = 0Number of asset objects unloaded after import = 8

========================================================================
Received Import Request.
  Time since last request: 5.783693 seconds.
  path: Assets/Retro Cartoon Car Cicada/Meshes/Materials/CICADA_4096.mat
  artifactKey: Guid(32935c5d6dd080d409eefb639b60ca50) Importer(815301076,1909f56bfc062723c751e8b465ee728b)
Start importing Assets/Retro Cartoon Car Cicada/Meshes/Materials/CICADA_4096.mat using Guid(32935c5d6dd080d409eefb639b60ca50) Importer(815301076,1909f56bfc062723c751e8b465ee728b) (PreviewImporter) -> (artifact id: 'f8532c2e4e4427b4246b76ed1cbde7b1') in 0.0171619 seconds
Number of updated asset objects reloaded before import = 0Number of asset objects unloaded after import = 1

========================================================================
Received Import Request.
  Time since last request: 0.000034 seconds.
  path: Assets/Retro Cartoon Car Cicada/Meshes/Materials/CICADA_4096_Headlights.mat
  artifactKey: Guid(d2510ecca137a134a942f5cbe5bab295) Importer(815301076,1909f56bfc062723c751e8b465ee728b)
Start importing Assets/Retro Cartoon Car Cicada/Meshes/Materials/CICADA_4096_Headlights.mat using Guid(d2510ecca137a134a942f5cbe5bab295) Importer(815301076,1909f56bfc062723c751e8b465ee728b) (PreviewImporter) -> (artifact id: 'c7319f585fe033942ae4f4d8594a04e4') in 0.0143648 seconds
Number of updated asset objects reloaded before import = 0Number of asset objects unloaded after import = 1

========================================================================
Received Import Request.
  Time since last request: 0.000077 seconds.
  path: Assets/Retro Cartoon Car Cicada/Meshes/Materials/CICADA_4096_Shiny.mat
  artifactKey: Guid(36c7e4be50c33be4e85cc7b3a2d43d2a) Importer(815301076,1909f56bfc062723c751e8b465ee728b)
Start importing Assets/Retro Cartoon Car Cicada/Meshes/Materials/CICADA_4096_Shiny.mat using Guid(36c7e4be50c33be4e85cc7b3a2d43d2a) Importer(815301076,1909f56bfc062723c751e8b465ee728b) (PreviewImporter) -> (artifact id: '196b367bdda9a9b97818d20e10df2a21') in 0.0147806 seconds
Number of updated asset objects reloaded before import = 0Number of asset objects unloaded after import = 1

========================================================================
Received Import Request.
  Time since last request: 0.000083 seconds.
  path: Assets/Retro Cartoon Car Cicada/Meshes/Materials/CICADA_4096_Taillights.mat
  artifactKey: Guid(a8334d29eab6c2b47bac862fded31eeb) Importer(815301076,1909f56bfc062723c751e8b465ee728b)
Start importing Assets/Retro Cartoon Car Cicada/Meshes/Materials/CICADA_4096_Taillights.mat using Guid(a8334d29eab6c2b47bac862fded31eeb) Importer(815301076,1909f56bfc062723c751e8b465ee728b) (PreviewImporter) -> (artifact id: '3d433030cdd8af4eab89cc42a2a534e3') in 0.0180204 seconds
Number of updated asset objects reloaded before import = 0Number of asset objects unloaded after import = 1

========================================================================
Received Import Request.
  Time since last request: 0.000033 seconds.
  path: Assets/Retro Cartoon Car Cicada/Meshes/Materials/CICADA_SHADOW.mat
  artifactKey: Guid(d025ad6a5789d4840b3965c7fcfd0a40) Importer(815301076,1909f56bfc062723c751e8b465ee728b)
Start importing Assets/Retro Cartoon Car Cicada/Meshes/Materials/CICADA_SHADOW.mat using Guid(d025ad6a5789d4840b3965c7fcfd0a40) Importer(815301076,1909f56bfc062723c751e8b465ee728b) (PreviewImporter) -> (artifact id: 'aceed13f854bc2201493c503b2ba24ba') in 0.0213459 seconds
Number of updated asset objects reloaded before import = 0Number of asset objects unloaded after import = 2

========================================================================
Received Import Request.
  Time since last request: 0.000025 seconds.
  path: Assets/Retro Cartoon Car Cicada/Meshes/Materials/CICADA_4096_Paint.mat
  artifactKey: Guid(59e12547b2b09af469e9a8162ac152e5) Importer(815301076,1909f56bfc062723c751e8b465ee728b)
Start importing Assets/Retro Cartoon Car Cicada/Meshes/Materials/CICADA_4096_Paint.mat using Guid(59e12547b2b09af469e9a8162ac152e5) Importer(815301076,1909f56bfc062723c751e8b465ee728b) (PreviewImporter) -> (artifact id: 'fe6afa2230901ec7ec6739a574dbf0af') in 0.0180108 seconds
Number of updated asset objects reloaded before import = 0Number of asset objects unloaded after import = 1

========================================================================
Received Import Request.
  Time since last request: 84.775497 seconds.
  path: Assets/Settings/Mobile_Renderer.asset
  artifactKey: Guid(65bc7dbf4170f435aa868c779acfb082) Importer(815301076,1909f56bfc062723c751e8b465ee728b)
Start importing Assets/Settings/Mobile_Renderer.asset using Guid(65bc7dbf4170f435aa868c779acfb082) Importer(815301076,1909f56bfc062723c751e8b465ee728b) (PreviewImporter) -> (artifact id: 'c89e408a71ab98678fb4e8d664924bb0') in 0.004574 seconds
Number of updated asset objects reloaded before import = 0Number of asset objects unloaded after import = 2

========================================================================
Received Import Request.
  Time since last request: 0.000040 seconds.
  path: Assets/Settings/PC_RPAsset.asset
  artifactKey: Guid(4b83569d67af61e458304325a23e5dfd) Importer(815301076,1909f56bfc062723c751e8b465ee728b)
Start importing Assets/Settings/PC_RPAsset.asset using Guid(4b83569d67af61e458304325a23e5dfd) Importer(815301076,1909f56bfc062723c751e8b465ee728b) (PreviewImporter) -> (artifact id: '91af3463924372b8f3f2f4939a1f1e03') in 0.0008927 seconds
Number of updated asset objects reloaded before import = 0Number of asset objects unloaded after import = 0

========================================================================
Received Import Request.
  Time since last request: 0.000082 seconds.
  path: Assets/Settings/Mobile_RPAsset.asset
  artifactKey: Guid(5e6cbd92db86f4b18aec3ed561671858) Importer(815301076,1909f56bfc062723c751e8b465ee728b)
Start importing Assets/Settings/Mobile_RPAsset.asset using Guid(5e6cbd92db86f4b18aec3ed561671858) Importer(815301076,1909f56bfc062723c751e8b465ee728b) (PreviewImporter) -> (artifact id: '48422a85c2c122c07104640ff3264d51') in 0.0133793 seconds
Number of updated asset objects reloaded before import = 0Number of asset objects unloaded after import = 2

